<?xml version="1.0" encoding="UTF-8"?>
<!-- Generated by org.testng.reporters.JUnitReportReporter -->
<testsuite hostname="LAPTOP-SB9V4T36" failures="0" tests="1" name="LoginPage.looginPage" time="2.112" errors="0" timestamp="2025-07-31T14:50:05 IST" skipped="0">
  <testcase classname="LoginPage.looginPage" name="loginFiled" time="2.112"/>
  <system-out>
    <![CDATA[Test case PASSED: loginFiled]]>
  </system-out>
</testsuite> <!-- LoginPage.looginPage -->
