<?xml version="1.0" encoding="UTF-8"?>
<!-- Generated by org.testng.reporters.JUnitReportReporter -->
<testsuite hostname="LAPTOP-SB9V4T36" failures="0" tests="1" name="HomePage.Pincode" time="7.479" errors="0" timestamp="2025-05-07T16:43:02 IST" skipped="0">
  <testcase classname="HomePage.Pincode" name="logintest" time="7.479"/>
  <system-out>
    <![CDATA[test scripted is passed ]]>
  </system-out>
</testsuite> <!-- HomePage.Pincode -->
