<?xml version="1.0" encoding="UTF-8"?>
<!-- Generated by org.testng.reporters.JUnitReportReporter -->
<testsuite hostname="LAPTOP-SB9V4T36" failures="0" tests="1" name="HomePage.LogoVerification" time="49.321" errors="0" timestamp="2025-05-11T15:53:59 IST" skipped="0">
  <testcase classname="HomePage.LogoVerification" name="veriftlogin" time="49.321"/>
  <system-out>
    <![CDATA[Test case PASSED: veriftlogin]]>
  </system-out>
</testsuite> <!-- HomePage.LogoVerification -->
